[2025-07-01 05:34:46] Starting MySQL migration monitoring...
[2025-07-01 05:34:46] Tracking deployment: wordpress-mysql in namespace: wordpress
[2025-07-01 05:34:46] [A] Deployment detected at Tue Jul  1 05:34:46 AM UTC 2025
[2025-07-01 05:34:47] [A] Pod is Running at Tue Jul  1 05:34:46 AM UTC 2025
[2025-07-01 05:34:47] [A] Pod is Ready at Tue Jul  1 05:34:46 AM UTC 2025
[2025-07-01 05:36:29] [B] Deployment detected at Tue Jul  1 05:36:28 AM UTC 2025
[2025-07-01 05:39:10] [B] Pod is Running at Tue Jul  1 05:39:09 AM UTC 2025
[2025-07-01 05:39:10] [B] Pod is Ready at Tue Jul  1 05:39:09 AM UTC 2025
[2025-07-01 05:39:10] --------- MYSQL MIGRATION SUMMARY ---------
[2025-07-01 05:39:10] [A] Deploy: Tue Jul  1 05:34:46 AM UTC 2025
[2025-07-01 05:39:10] [A] Running: Tue Jul  1 05:34:46 AM UTC 2025
[2025-07-01 05:39:10] [A] Ready: Tue Jul  1 05:34:46 AM UTC 2025
[2025-07-01 05:39:10] [B] Deploy: Tue Jul  1 05:36:28 AM UTC 2025
[2025-07-01 05:39:10] [B] Running: Tue Jul  1 05:39:09 AM UTC 2025
[2025-07-01 05:39:10] [B] Ready: Tue Jul  1 05:39:09 AM UTC 2025
[2025-07-01 05:39:10] --------- TIME GAPS BETWEEN EVENTS ---------
[A] Deploy -> Running                   : 0s
[A] Running -> Ready                    : 0s
[A] Ready -> B Deploy                   : 102s
[B] Deploy -> Running                   : 161s
[B] Running -> Ready                    : 0s
[2025-07-01 05:39:10] [Total] Estimated backend readiness downtime: 263 seconds
[2025-07-01 05:39:10] MySQL migration monitoring cycle completed.
[2025-07-01 05:39:10] Waiting 1 second before restarting monitoring...
[2025-07-01 05:39:10] ----------------------------------------
[2025-07-01 05:39:11] Starting MySQL migration monitoring...
[2025-07-01 05:39:11] Tracking deployment: wordpress-mysql in namespace: wordpress
[2025-07-01 05:39:11] [A] Deployment detected at Tue Jul  1 05:39:11 AM UTC 2025
[2025-07-01 05:39:11] [A] Pod is Running at Tue Jul  1 05:39:11 AM UTC 2025
[2025-07-01 05:39:11] [B] Deployment detected at Tue Jul  1 05:39:11 AM UTC 2025
[2025-07-01 05:39:11] [B] Pod is Running at Tue Jul  1 05:39:11 AM UTC 2025
[2025-07-01 05:39:11] [B] Pod is Ready at Tue Jul  1 05:39:11 AM UTC 2025
[2025-07-01 05:39:11] --------- MYSQL MIGRATION SUMMARY ---------
[2025-07-01 05:39:11] [A] Deploy: Tue Jul  1 05:39:11 AM UTC 2025
[2025-07-01 05:39:11] [A] Running: Tue Jul  1 05:39:11 AM UTC 2025
[2025-07-01 05:39:11] [B] Deploy: Tue Jul  1 05:39:11 AM UTC 2025
[2025-07-01 05:39:11] [B] Running: Tue Jul  1 05:39:11 AM UTC 2025
[2025-07-01 05:39:11] [B] Ready: Tue Jul  1 05:39:11 AM UTC 2025
[2025-07-01 05:39:11] --------- TIME GAPS BETWEEN EVENTS ---------
[A] Deploy -> Running                   : 0s
[B] Deploy -> Running                   : 0s
[B] Running -> Ready                    : 0s
[2025-07-01 05:39:11] MySQL migration monitoring cycle completed.
[2025-07-01 05:39:11] Waiting 1 second before restarting monitoring...
[2025-07-01 05:39:11] ----------------------------------------
[2025-07-01 05:39:12] Starting MySQL migration monitoring...
[2025-07-01 05:39:12] Tracking deployment: wordpress-mysql in namespace: wordpress
[2025-07-01 05:39:12] [A] Deployment detected at Tue Jul  1 05:39:12 AM UTC 2025
[2025-07-01 05:39:13] [A] Pod is Running at Tue Jul  1 05:39:12 AM UTC 2025
[2025-07-01 05:39:13] [B] Deployment detected at Tue Jul  1 05:39:12 AM UTC 2025
[2025-07-01 05:39:13] [B] Pod is Running at Tue Jul  1 05:39:12 AM UTC 2025
[2025-07-01 05:39:13] [B] Pod is Ready at Tue Jul  1 05:39:12 AM UTC 2025
[2025-07-01 05:39:13] --------- MYSQL MIGRATION SUMMARY ---------
[2025-07-01 05:39:13] [A] Deploy: Tue Jul  1 05:39:12 AM UTC 2025
[2025-07-01 05:39:13] [A] Running: Tue Jul  1 05:39:12 AM UTC 2025
[2025-07-01 05:39:13] [B] Deploy: Tue Jul  1 05:39:12 AM UTC 2025
[2025-07-01 05:39:13] [B] Running: Tue Jul  1 05:39:12 AM UTC 2025
[2025-07-01 05:39:13] [B] Ready: Tue Jul  1 05:39:12 AM UTC 2025
[2025-07-01 05:39:13] --------- TIME GAPS BETWEEN EVENTS ---------
[A] Deploy -> Running                   : 0s
[B] Deploy -> Running                   : 0s
[B] Running -> Ready                    : 0s
[2025-07-01 05:39:13] MySQL migration monitoring cycle completed.
[2025-07-01 05:39:13] Waiting 1 second before restarting monitoring...
[2025-07-01 05:39:13] ----------------------------------------
[2025-07-01 05:39:14] Starting MySQL migration monitoring...
[2025-07-01 05:39:14] Tracking deployment: wordpress-mysql in namespace: wordpress
[2025-07-01 05:39:14] [A] Deployment detected at Tue Jul  1 05:39:14 AM UTC 2025
[2025-07-01 05:39:14] [A] Pod is Running at Tue Jul  1 05:39:14 AM UTC 2025
[2025-07-01 05:39:14] [B] Deployment detected at Tue Jul  1 05:39:14 AM UTC 2025
[2025-07-01 05:39:15] [B] Pod is Running at Tue Jul  1 05:39:14 AM UTC 2025
[2025-07-01 05:39:15] [B] Pod is Ready at Tue Jul  1 05:39:14 AM UTC 2025
[2025-07-01 05:39:15] --------- MYSQL MIGRATION SUMMARY ---------
[2025-07-01 05:39:15] [A] Deploy: Tue Jul  1 05:39:14 AM UTC 2025
[2025-07-01 05:39:15] [A] Running: Tue Jul  1 05:39:14 AM UTC 2025
[2025-07-01 05:39:15] [B] Deploy: Tue Jul  1 05:39:14 AM UTC 2025
[2025-07-01 05:39:15] [B] Running: Tue Jul  1 05:39:14 AM UTC 2025
[2025-07-01 05:39:15] [B] Ready: Tue Jul  1 05:39:14 AM UTC 2025
[2025-07-01 05:39:15] --------- TIME GAPS BETWEEN EVENTS ---------
[A] Deploy -> Running                   : 0s
[B] Deploy -> Running                   : 0s
[B] Running -> Ready                    : 0s
[2025-07-01 05:39:15] MySQL migration monitoring cycle completed.
[2025-07-01 05:39:15] Waiting 1 second before restarting monitoring...
[2025-07-01 05:39:15] ----------------------------------------
[2025-07-01 05:39:16] Starting MySQL migration monitoring...
[2025-07-01 05:39:16] Tracking deployment: wordpress-mysql in namespace: wordpress
[2025-07-01 05:39:16] [A] Deployment detected at Tue Jul  1 05:39:16 AM UTC 2025
[2025-07-01 05:39:16] [A] Pod is Running at Tue Jul  1 05:39:16 AM UTC 2025
[2025-07-01 05:39:16] [B] Deployment detected at Tue Jul  1 05:39:16 AM UTC 2025
[2025-07-01 05:39:16] [B] Pod is Running at Tue Jul  1 05:39:16 AM UTC 2025
[2025-07-01 05:39:16] [B] Pod is Ready at Tue Jul  1 05:39:16 AM UTC 2025
[2025-07-01 05:39:16] --------- MYSQL MIGRATION SUMMARY ---------
[2025-07-01 05:39:16] [A] Deploy: Tue Jul  1 05:39:16 AM UTC 2025
[2025-07-01 05:39:16] [A] Running: Tue Jul  1 05:39:16 AM UTC 2025
[2025-07-01 05:39:16] [B] Deploy: Tue Jul  1 05:39:16 AM UTC 2025
[2025-07-01 05:39:16] [B] Running: Tue Jul  1 05:39:16 AM UTC 2025
[2025-07-01 05:39:16] [B] Ready: Tue Jul  1 05:39:16 AM UTC 2025
[2025-07-01 05:39:16] --------- TIME GAPS BETWEEN EVENTS ---------
[A] Deploy -> Running                   : 0s
[B] Deploy -> Running                   : 0s
[B] Running -> Ready                    : 0s
[2025-07-01 05:39:16] MySQL migration monitoring cycle completed.
[2025-07-01 05:39:16] Waiting 1 second before restarting monitoring...
[2025-07-01 05:39:16] ----------------------------------------
[2025-07-01 05:39:17] Starting MySQL migration monitoring...
[2025-07-01 05:39:17] Tracking deployment: wordpress-mysql in namespace: wordpress
[2025-07-01 05:39:17] [A] Deployment detected at Tue Jul  1 05:39:17 AM UTC 2025
[2025-07-01 05:39:18] [A] Pod is Running at Tue Jul  1 05:39:17 AM UTC 2025
[2025-07-01 05:39:18] [B] Deployment detected at Tue Jul  1 05:39:17 AM UTC 2025
[2025-07-01 05:39:18] [B] Pod is Running at Tue Jul  1 05:39:17 AM UTC 2025
[2025-07-01 05:39:18] [B] Pod is Ready at Tue Jul  1 05:39:17 AM UTC 2025
[2025-07-01 05:39:18] --------- MYSQL MIGRATION SUMMARY ---------
[2025-07-01 05:39:18] [A] Deploy: Tue Jul  1 05:39:17 AM UTC 2025
[2025-07-01 05:39:18] [A] Running: Tue Jul  1 05:39:17 AM UTC 2025
[2025-07-01 05:39:18] [B] Deploy: Tue Jul  1 05:39:17 AM UTC 2025
[2025-07-01 05:39:18] [B] Running: Tue Jul  1 05:39:17 AM UTC 2025
[2025-07-01 05:39:18] [B] Ready: Tue Jul  1 05:39:17 AM UTC 2025
[2025-07-01 05:39:18] --------- TIME GAPS BETWEEN EVENTS ---------
[A] Deploy -> Running                   : 0s
[B] Deploy -> Running                   : 0s
[B] Running -> Ready                    : 0s
[2025-07-01 05:39:18] MySQL migration monitoring cycle completed.
[2025-07-01 05:39:18] Waiting 1 second before restarting monitoring...
[2025-07-01 05:39:18] ----------------------------------------
[2025-07-01 05:39:19] Starting MySQL migration monitoring...
[2025-07-01 05:39:19] Tracking deployment: wordpress-mysql in namespace: wordpress
[2025-07-01 05:39:19] [A] Deployment detected at Tue Jul  1 05:39:19 AM UTC 2025
[2025-07-01 05:39:19] [A] Pod is Running at Tue Jul  1 05:39:19 AM UTC 2025
[2025-07-01 05:39:19] [B] Deployment detected at Tue Jul  1 05:39:19 AM UTC 2025
[2025-07-01 05:39:20] [B] Pod is Running at Tue Jul  1 05:39:19 AM UTC 2025
[2025-07-01 05:39:20] [B] Pod is Ready at Tue Jul  1 05:39:19 AM UTC 2025
[2025-07-01 05:39:20] --------- MYSQL MIGRATION SUMMARY ---------
[2025-07-01 05:39:20] [A] Deploy: Tue Jul  1 05:39:19 AM UTC 2025
[2025-07-01 05:39:20] [A] Running: Tue Jul  1 05:39:19 AM UTC 2025
[2025-07-01 05:39:20] [B] Deploy: Tue Jul  1 05:39:19 AM UTC 2025
[2025-07-01 05:39:20] [B] Running: Tue Jul  1 05:39:19 AM UTC 2025
[2025-07-01 05:39:20] [B] Ready: Tue Jul  1 05:39:19 AM UTC 2025
[2025-07-01 05:39:20] --------- TIME GAPS BETWEEN EVENTS ---------
[A] Deploy -> Running                   : 0s
[B] Deploy -> Running                   : 0s
[B] Running -> Ready                    : 0s
[2025-07-01 05:39:20] MySQL migration monitoring cycle completed.
[2025-07-01 05:39:20] Waiting 1 second before restarting monitoring...
[2025-07-01 05:39:20] ----------------------------------------
[2025-07-01 05:39:21] Starting MySQL migration monitoring...
[2025-07-01 05:39:21] Tracking deployment: wordpress-mysql in namespace: wordpress
[2025-07-01 05:39:21] [A] Deployment detected at Tue Jul  1 05:39:21 AM UTC 2025
[2025-07-01 05:39:21] [A] Pod is Running at Tue Jul  1 05:39:21 AM UTC 2025
[2025-07-01 05:39:21] [B] Deployment detected at Tue Jul  1 05:39:21 AM UTC 2025
[2025-07-01 05:39:21] [B] Pod is Running at Tue Jul  1 05:39:21 AM UTC 2025
[2025-07-01 05:39:21] [B] Pod is Ready at Tue Jul  1 05:39:21 AM UTC 2025
[2025-07-01 05:39:21] --------- MYSQL MIGRATION SUMMARY ---------
[2025-07-01 05:39:21] [A] Deploy: Tue Jul  1 05:39:21 AM UTC 2025
[2025-07-01 05:39:21] [A] Running: Tue Jul  1 05:39:21 AM UTC 2025
[2025-07-01 05:39:21] [B] Deploy: Tue Jul  1 05:39:21 AM UTC 2025
[2025-07-01 05:39:21] [B] Running: Tue Jul  1 05:39:21 AM UTC 2025
[2025-07-01 05:39:21] [B] Ready: Tue Jul  1 05:39:21 AM UTC 2025
[2025-07-01 05:39:21] --------- TIME GAPS BETWEEN EVENTS ---------
[A] Deploy -> Running                   : 0s
[B] Deploy -> Running                   : 0s
[B] Running -> Ready                    : 0s
[2025-07-01 05:39:21] MySQL migration monitoring cycle completed.
[2025-07-01 05:39:21] Waiting 1 second before restarting monitoring...
[2025-07-01 05:39:21] ----------------------------------------
[2025-07-01 05:39:22] Starting MySQL migration monitoring...
[2025-07-01 05:39:22] Tracking deployment: wordpress-mysql in namespace: wordpress
[2025-07-01 05:39:23] [A] Deployment detected at Tue Jul  1 05:39:22 AM UTC 2025
[2025-07-01 05:39:23] [A] Pod is Running at Tue Jul  1 05:39:22 AM UTC 2025
[2025-07-01 05:39:23] [B] Deployment detected at Tue Jul  1 05:39:22 AM UTC 2025
[2025-07-01 05:39:23] [B] Pod is Running at Tue Jul  1 05:39:22 AM UTC 2025
[2025-07-01 05:39:23] [B] Pod is Ready at Tue Jul  1 05:39:22 AM UTC 2025
[2025-07-01 05:39:23] --------- MYSQL MIGRATION SUMMARY ---------
[2025-07-01 05:39:23] [A] Deploy: Tue Jul  1 05:39:22 AM UTC 2025
[2025-07-01 05:39:23] [A] Running: Tue Jul  1 05:39:22 AM UTC 2025
[2025-07-01 05:39:23] [B] Deploy: Tue Jul  1 05:39:22 AM UTC 2025
[2025-07-01 05:39:23] [B] Running: Tue Jul  1 05:39:22 AM UTC 2025
[2025-07-01 05:39:23] [B] Ready: Tue Jul  1 05:39:22 AM UTC 2025
[2025-07-01 05:39:23] --------- TIME GAPS BETWEEN EVENTS ---------
[A] Deploy -> Running                   : 0s
[B] Deploy -> Running                   : 0s
[B] Running -> Ready                    : 0s
[2025-07-01 05:39:23] MySQL migration monitoring cycle completed.
[2025-07-01 05:39:23] Waiting 1 second before restarting monitoring...
[2025-07-01 05:39:23] ----------------------------------------
[2025-07-01 05:39:24] Starting MySQL migration monitoring...
[2025-07-01 05:39:24] Tracking deployment: wordpress-mysql in namespace: wordpress
[2025-07-01 05:39:24] [A] Deployment detected at Tue Jul  1 05:39:24 AM UTC 2025
[2025-07-01 05:39:24] [A] Pod is Running at Tue Jul  1 05:39:24 AM UTC 2025
[2025-07-01 05:39:25] [B] Deployment detected at Tue Jul  1 05:39:24 AM UTC 2025
[2025-07-01 05:39:25] [B] Pod is Running at Tue Jul  1 05:39:24 AM UTC 2025
[2025-07-01 05:39:25] [B] Pod is Ready at Tue Jul  1 05:39:24 AM UTC 2025
[2025-07-01 05:39:25] --------- MYSQL MIGRATION SUMMARY ---------
[2025-07-01 05:39:25] [A] Deploy: Tue Jul  1 05:39:24 AM UTC 2025
[2025-07-01 05:39:25] [A] Running: Tue Jul  1 05:39:24 AM UTC 2025
[2025-07-01 05:39:25] [B] Deploy: Tue Jul  1 05:39:24 AM UTC 2025
[2025-07-01 05:39:25] [B] Running: Tue Jul  1 05:39:24 AM UTC 2025
[2025-07-01 05:39:25] [B] Ready: Tue Jul  1 05:39:24 AM UTC 2025
[2025-07-01 05:39:25] --------- TIME GAPS BETWEEN EVENTS ---------
[A] Deploy -> Running                   : 0s
[B] Deploy -> Running                   : 0s
[B] Running -> Ready                    : 0s
[2025-07-01 05:39:25] MySQL migration monitoring cycle completed.
[2025-07-01 05:39:25] Waiting 1 second before restarting monitoring...
[2025-07-01 05:39:25] ----------------------------------------
[2025-07-01 05:39:26] Starting MySQL migration monitoring...
[2025-07-01 05:39:26] Tracking deployment: wordpress-mysql in namespace: wordpress
[2025-07-01 05:39:26] [A] Deployment detected at Tue Jul  1 05:39:26 AM UTC 2025
[2025-07-01 05:39:26] [A] Pod is Running at Tue Jul  1 05:39:26 AM UTC 2025
[2025-07-01 05:39:26] [B] Deployment detected at Tue Jul  1 05:39:26 AM UTC 2025
[2025-07-01 05:39:26] [B] Pod is Running at Tue Jul  1 05:39:26 AM UTC 2025
[2025-07-01 05:39:26] [B] Pod is Ready at Tue Jul  1 05:39:26 AM UTC 2025
[2025-07-01 05:39:26] --------- MYSQL MIGRATION SUMMARY ---------
[2025-07-01 05:39:26] [A] Deploy: Tue Jul  1 05:39:26 AM UTC 2025
[2025-07-01 05:39:26] [A] Running: Tue Jul  1 05:39:26 AM UTC 2025
[2025-07-01 05:39:26] [B] Deploy: Tue Jul  1 05:39:26 AM UTC 2025
[2025-07-01 05:39:26] [B] Running: Tue Jul  1 05:39:26 AM UTC 2025
[2025-07-01 05:39:26] [B] Ready: Tue Jul  1 05:39:26 AM UTC 2025
[2025-07-01 05:39:26] --------- TIME GAPS BETWEEN EVENTS ---------
[A] Deploy -> Running                   : 0s
[B] Deploy -> Running                   : 0s
[B] Running -> Ready                    : 0s
[2025-07-01 05:39:26] MySQL migration monitoring cycle completed.
[2025-07-01 05:39:26] Waiting 1 second before restarting monitoring...
[2025-07-01 05:39:26] ----------------------------------------
[2025-07-01 05:39:27] Starting MySQL migration monitoring...
[2025-07-01 05:39:27] Tracking deployment: wordpress-mysql in namespace: wordpress
[2025-07-01 05:39:28] [A] Deployment detected at Tue Jul  1 05:39:27 AM UTC 2025
[2025-07-01 05:39:28] [A] Pod is Running at Tue Jul  1 05:39:27 AM UTC 2025
[2025-07-01 05:39:28] [B] Deployment detected at Tue Jul  1 05:39:27 AM UTC 2025
[2025-07-01 05:39:28] [B] Pod is Running at Tue Jul  1 05:39:27 AM UTC 2025
[2025-07-01 05:39:28] [B] Pod is Ready at Tue Jul  1 05:39:27 AM UTC 2025
[2025-07-01 05:39:28] --------- MYSQL MIGRATION SUMMARY ---------
[2025-07-01 05:39:28] [A] Deploy: Tue Jul  1 05:39:27 AM UTC 2025
[2025-07-01 05:39:28] [A] Running: Tue Jul  1 05:39:27 AM UTC 2025
[2025-07-01 05:39:28] [B] Deploy: Tue Jul  1 05:39:27 AM UTC 2025
[2025-07-01 05:39:28] [B] Running: Tue Jul  1 05:39:27 AM UTC 2025
[2025-07-01 05:39:28] [B] Ready: Tue Jul  1 05:39:27 AM UTC 2025
[2025-07-01 05:39:28] --------- TIME GAPS BETWEEN EVENTS ---------
[A] Deploy -> Running                   : 0s
[B] Deploy -> Running                   : 0s
[B] Running -> Ready                    : 0s
[2025-07-01 05:39:28] MySQL migration monitoring cycle completed.
[2025-07-01 05:39:28] Waiting 1 second before restarting monitoring...
[2025-07-01 05:39:28] ----------------------------------------
[2025-07-01 05:39:29] Starting MySQL migration monitoring...
[2025-07-01 05:39:29] Tracking deployment: wordpress-mysql in namespace: wordpress
[2025-07-01 05:39:29] [A] Deployment detected at Tue Jul  1 05:39:29 AM UTC 2025
[2025-07-01 05:39:29] [A] Pod is Running at Tue Jul  1 05:39:29 AM UTC 2025
[2025-07-01 05:39:29] [B] Deployment detected at Tue Jul  1 05:39:29 AM UTC 2025
[2025-07-01 05:39:30] [B] Pod is Running at Tue Jul  1 05:39:29 AM UTC 2025
[2025-07-01 05:39:30] [B] Pod is Ready at Tue Jul  1 05:39:29 AM UTC 2025
[2025-07-01 05:39:30] --------- MYSQL MIGRATION SUMMARY ---------
[2025-07-01 05:39:30] [A] Deploy: Tue Jul  1 05:39:29 AM UTC 2025
[2025-07-01 05:39:30] [A] Running: Tue Jul  1 05:39:29 AM UTC 2025
[2025-07-01 05:39:30] [B] Deploy: Tue Jul  1 05:39:29 AM UTC 2025
[2025-07-01 05:39:30] [B] Running: Tue Jul  1 05:39:29 AM UTC 2025
[2025-07-01 05:39:30] [B] Ready: Tue Jul  1 05:39:29 AM UTC 2025
[2025-07-01 05:39:30] --------- TIME GAPS BETWEEN EVENTS ---------
[A] Deploy -> Running                   : 0s
[B] Deploy -> Running                   : 0s
[B] Running -> Ready                    : 0s
[2025-07-01 05:39:30] MySQL migration monitoring cycle completed.
[2025-07-01 05:39:30] Waiting 1 second before restarting monitoring...
[2025-07-01 05:39:30] ----------------------------------------
